DEBUG - 2025-06-28 10:12:18 --> Session: Class initialized using 'CodeIgniter\Session\Handlers\FileHandler' driver.
DEBUG - 2025-06-28 10:33:37 --> Session: Class initialized using 'CodeIgniter\Session\Handlers\FileHandler' driver.
DEBUG - 2025-06-28 10:33:37 --> Session: Class initialized using 'CodeIgniter\Session\Handlers\FileHandler' driver.
DEBUG - 2025-06-28 10:34:13 --> Session: Class initialized using 'CodeIgniter\Session\Handlers\FileHandler' driver.
DEBUG - 2025-06-28 10:34:35 --> Session: Class initialized using 'CodeIgniter\Session\Handlers\FileHandler' driver.
DEBUG - 2025-06-28 10:34:35 --> Session: Class initialized using 'CodeIgniter\Session\Handlers\FileHandler' driver.
DEBUG - 2025-06-28 10:35:00 --> Session: Class initialized using 'CodeIgniter\Session\Handlers\FileHandler' driver.
DEBUG - 2025-06-28 10:35:00 --> Session: Class initialized using 'CodeIgniter\Session\Handlers\FileHandler' driver.
DEBUG - 2025-06-28 10:35:35 --> Session: Class initialized using 'CodeIgniter\Session\Handlers\FileHandler' driver.
DEBUG - 2025-06-28 10:35:35 --> Session: Class initialized using 'CodeIgniter\Session\Handlers\FileHandler' driver.
DEBUG - 2025-06-28 10:35:41 --> Session: Class initialized using 'CodeIgniter\Session\Handlers\FileHandler' driver.
DEBUG - 2025-06-28 10:35:41 --> Session: Class initialized using 'CodeIgniter\Session\Handlers\FileHandler' driver.
DEBUG - 2025-06-28 10:36:46 --> Session: Class initialized using 'CodeIgniter\Session\Handlers\FileHandler' driver.
DEBUG - 2025-06-28 10:36:47 --> Session: Class initialized using 'CodeIgniter\Session\Handlers\FileHandler' driver.
DEBUG - 2025-06-28 10:38:14 --> Session: Class initialized using 'CodeIgniter\Session\Handlers\FileHandler' driver.
DEBUG - 2025-06-28 10:38:14 --> Session: Class initialized using 'CodeIgniter\Session\Handlers\FileHandler' driver.
DEBUG - 2025-06-28 10:38:18 --> Session: Class initialized using 'CodeIgniter\Session\Handlers\FileHandler' driver.
DEBUG - 2025-06-28 10:38:18 --> Session: Class initialized using 'CodeIgniter\Session\Handlers\FileHandler' driver.
DEBUG - 2025-06-28 10:38:21 --> Session: Class initialized using 'CodeIgniter\Session\Handlers\FileHandler' driver.
DEBUG - 2025-06-28 10:38:21 --> Session: Class initialized using 'CodeIgniter\Session\Handlers\FileHandler' driver.
DEBUG - 2025-06-28 10:38:23 --> Session: Class initialized using 'CodeIgniter\Session\Handlers\FileHandler' driver.
DEBUG - 2025-06-28 10:38:24 --> Session: Class initialized using 'CodeIgniter\Session\Handlers\FileHandler' driver.
DEBUG - 2025-06-28 10:39:09 --> Session: Class initialized using 'CodeIgniter\Session\Handlers\FileHandler' driver.
DEBUG - 2025-06-28 10:39:09 --> Session: Class initialized using 'CodeIgniter\Session\Handlers\FileHandler' driver.
DEBUG - 2025-06-28 10:39:21 --> Session: Class initialized using 'CodeIgniter\Session\Handlers\FileHandler' driver.
DEBUG - 2025-06-28 10:39:21 --> Session: Class initialized using 'CodeIgniter\Session\Handlers\FileHandler' driver.
DEBUG - 2025-06-28 10:39:30 --> Session: Class initialized using 'CodeIgniter\Session\Handlers\FileHandler' driver.
DEBUG - 2025-06-28 10:39:30 --> Session: Class initialized using 'CodeIgniter\Session\Handlers\FileHandler' driver.
DEBUG - 2025-06-28 10:39:33 --> Session: Class initialized using 'CodeIgniter\Session\Handlers\FileHandler' driver.
DEBUG - 2025-06-28 10:39:33 --> Session: Class initialized using 'CodeIgniter\Session\Handlers\FileHandler' driver.
DEBUG - 2025-06-28 10:50:15 --> Session: Class initialized using 'CodeIgniter\Session\Handlers\FileHandler' driver.
DEBUG - 2025-06-28 10:50:16 --> Session: Class initialized using 'CodeIgniter\Session\Handlers\FileHandler' driver.
DEBUG - 2025-06-28 10:50:24 --> Session: Class initialized using 'CodeIgniter\Session\Handlers\FileHandler' driver.
DEBUG - 2025-06-28 10:50:24 --> Auth::attemptLogin - Attempting login for: admin
DEBUG - 2025-06-28 10:50:24 --> Auth::attemptLogin - User found. Hashed password from DB: $2y$10$w8c7.N9Zt8Jb.J0W/N8.k.q/GjC4o.V3e/M7.L5p.D5eW7X.Y.m
DEBUG - 2025-06-28 10:50:24 --> Auth::attemptLogin - Plaintext password from form (for verification): password123
DEBUG - 2025-06-28 10:50:24 --> Auth::attemptLogin - Password verification failed for user: admin
DEBUG - 2025-06-28 10:50:24 --> Session: Class initialized using 'CodeIgniter\Session\Handlers\FileHandler' driver.
DEBUG - 2025-06-28 10:56:03 --> Session: Class initialized using 'CodeIgniter\Session\Handlers\FileHandler' driver.
DEBUG - 2025-06-28 10:56:03 --> Auth::attemptLogin - Attempting login for: admin
DEBUG - 2025-06-28 10:56:03 --> Auth::attemptLogin - User found. Hashed password from DB: $2y$10$Sh/3KsbkbQ12FXx.ZBngVOi1ZOTuKa4swBJBgjtIhvZ7HhXQ.Dh3W
DEBUG - 2025-06-28 10:56:03 --> Auth::attemptLogin - Plaintext password from form (for verification): password123
DEBUG - 2025-06-28 10:56:03 --> Auth::attemptLogin - User admin successfully logged in.
DEBUG - 2025-06-28 10:56:03 --> Session: Class initialized using 'CodeIgniter\Session\Handlers\FileHandler' driver.
DEBUG - 2025-06-28 10:56:27 --> Session: Class initialized using 'CodeIgniter\Session\Handlers\FileHandler' driver.
DEBUG - 2025-06-28 10:56:34 --> Session: Class initialized using 'CodeIgniter\Session\Handlers\FileHandler' driver.
DEBUG - 2025-06-28 10:56:34 --> Session: Class initialized using 'CodeIgniter\Session\Handlers\FileHandler' driver.
DEBUG - 2025-06-28 10:59:10 --> Session: Class initialized using 'CodeIgniter\Session\Handlers\FileHandler' driver.
DEBUG - 2025-06-28 10:59:10 --> Session: Class initialized using 'CodeIgniter\Session\Handlers\FileHandler' driver.
DEBUG - 2025-06-28 10:59:12 --> Session: Class initialized using 'CodeIgniter\Session\Handlers\FileHandler' driver.
DEBUG - 2025-06-28 10:59:12 --> Auth::attemptLogin - Attempting login for: admin
DEBUG - 2025-06-28 10:59:12 --> Auth::attemptLogin - User found. Hashed password from DB: $2y$10$Sh/3KsbkbQ12FXx.ZBngVOi1ZOTuKa4swBJBgjtIhvZ7HhXQ.Dh3W
DEBUG - 2025-06-28 10:59:12 --> Auth::attemptLogin - Plaintext password from form (for verification): password
DEBUG - 2025-06-28 10:59:12 --> Auth::attemptLogin - Password verification failed for user: admin
DEBUG - 2025-06-28 10:59:12 --> Session: Class initialized using 'CodeIgniter\Session\Handlers\FileHandler' driver.
DEBUG - 2025-06-28 10:59:18 --> Session: Class initialized using 'CodeIgniter\Session\Handlers\FileHandler' driver.
DEBUG - 2025-06-28 10:59:18 --> Auth::attemptLogin - Attempting login for: admin
DEBUG - 2025-06-28 10:59:18 --> Auth::attemptLogin - User found. Hashed password from DB: $2y$10$Sh/3KsbkbQ12FXx.ZBngVOi1ZOTuKa4swBJBgjtIhvZ7HhXQ.Dh3W
DEBUG - 2025-06-28 10:59:18 --> Auth::attemptLogin - Plaintext password from form (for verification): password123
DEBUG - 2025-06-28 10:59:18 --> Auth::attemptLogin - User admin successfully logged in.
DEBUG - 2025-06-28 10:59:18 --> Session: Class initialized using 'CodeIgniter\Session\Handlers\FileHandler' driver.
DEBUG - 2025-06-28 11:02:50 --> Session: Class initialized using 'CodeIgniter\Session\Handlers\FileHandler' driver.
DEBUG - 2025-06-28 11:03:11 --> Session: Class initialized using 'CodeIgniter\Session\Handlers\FileHandler' driver.
DEBUG - 2025-06-28 11:15:29 --> Session: Class initialized using 'CodeIgniter\Session\Handlers\FileHandler' driver.
DEBUG - 2025-06-28 11:36:12 --> Session: Class initialized using 'CodeIgniter\Session\Handlers\FileHandler' driver.
DEBUG - 2025-06-28 11:36:12 --> Session: Class initialized using 'CodeIgniter\Session\Handlers\FileHandler' driver.
DEBUG - 2025-06-28 11:36:14 --> Session: Class initialized using 'CodeIgniter\Session\Handlers\FileHandler' driver.
DEBUG - 2025-06-28 11:36:14 --> Auth::attemptLogin - Attempting login for: admin
DEBUG - 2025-06-28 11:36:14 --> Auth::attemptLogin - User found. Hashed password from DB: $2y$10$Sh/3KsbkbQ12FXx.ZBngVOi1ZOTuKa4swBJBgjtIhvZ7HhXQ.Dh3W
DEBUG - 2025-06-28 11:36:14 --> Auth::attemptLogin - Plaintext password from form (for verification): password
DEBUG - 2025-06-28 11:36:14 --> Auth::attemptLogin - Password verification failed for user: admin
DEBUG - 2025-06-28 11:36:14 --> Session: Class initialized using 'CodeIgniter\Session\Handlers\FileHandler' driver.
DEBUG - 2025-06-28 11:36:21 --> Session: Class initialized using 'CodeIgniter\Session\Handlers\FileHandler' driver.
DEBUG - 2025-06-28 11:36:21 --> Auth::attemptLogin - Attempting login for: admin
DEBUG - 2025-06-28 11:36:21 --> Auth::attemptLogin - User found. Hashed password from DB: $2y$10$Sh/3KsbkbQ12FXx.ZBngVOi1ZOTuKa4swBJBgjtIhvZ7HhXQ.Dh3W
DEBUG - 2025-06-28 11:36:21 --> Auth::attemptLogin - Plaintext password from form (for verification): password123
DEBUG - 2025-06-28 11:36:21 --> Auth::attemptLogin - User admin successfully logged in.
DEBUG - 2025-06-28 11:36:21 --> Session: Class initialized using 'CodeIgniter\Session\Handlers\FileHandler' driver.
DEBUG - 2025-06-28 11:42:45 --> Session: Class initialized using 'CodeIgniter\Session\Handlers\FileHandler' driver.
DEBUG - 2025-06-28 11:42:47 --> Session: Class initialized using 'CodeIgniter\Session\Handlers\FileHandler' driver.
DEBUG - 2025-06-28 11:42:50 --> Session: Class initialized using 'CodeIgniter\Session\Handlers\FileHandler' driver.
DEBUG - 2025-06-28 11:42:51 --> Session: Class initialized using 'CodeIgniter\Session\Handlers\FileHandler' driver.
DEBUG - 2025-06-28 11:42:53 --> Session: Class initialized using 'CodeIgniter\Session\Handlers\FileHandler' driver.
DEBUG - 2025-06-28 11:42:55 --> Session: Class initialized using 'CodeIgniter\Session\Handlers\FileHandler' driver.
DEBUG - 2025-06-28 11:46:09 --> Session: Class initialized using 'CodeIgniter\Session\Handlers\FileHandler' driver.
DEBUG - 2025-06-28 12:09:24 --> Session: Class initialized using 'CodeIgniter\Session\Handlers\FileHandler' driver.
DEBUG - 2025-06-28 12:09:25 --> Session: Class initialized using 'CodeIgniter\Session\Handlers\FileHandler' driver.
DEBUG - 2025-06-28 12:09:26 --> Session: Class initialized using 'CodeIgniter\Session\Handlers\FileHandler' driver.
DEBUG - 2025-06-28 12:09:26 --> Home::index() method was successfully reached.
DEBUG - 2025-06-28 12:09:26 --> Session: Class initialized using 'CodeIgniter\Session\Handlers\FileHandler' driver.
DEBUG - 2025-06-28 12:09:26 --> Home::index() method was successfully reached.
DEBUG - 2025-06-28 12:09:48 --> Session: Class initialized using 'CodeIgniter\Session\Handlers\FileHandler' driver.
DEBUG - 2025-06-28 12:10:08 --> Session: Class initialized using 'CodeIgniter\Session\Handlers\FileHandler' driver.
DEBUG - 2025-06-28 12:10:12 --> Session: Class initialized using 'CodeIgniter\Session\Handlers\FileHandler' driver.
DEBUG - 2025-06-28 12:10:12 --> Session: Class initialized using 'CodeIgniter\Session\Handlers\FileHandler' driver.
DEBUG - 2025-06-28 12:10:16 --> Session: Class initialized using 'CodeIgniter\Session\Handlers\FileHandler' driver.
DEBUG - 2025-06-28 12:10:16 --> Auth::attemptLogin - Attempting login for: admin
DEBUG - 2025-06-28 12:10:16 --> Auth::attemptLogin - User found. Hashed password from DB: $2y$10$Sh/3KsbkbQ12FXx.ZBngVOi1ZOTuKa4swBJBgjtIhvZ7HhXQ.Dh3W
DEBUG - 2025-06-28 12:10:16 --> Auth::attemptLogin - Plaintext password from form (for verification): password123
DEBUG - 2025-06-28 12:10:16 --> Auth::attemptLogin - User admin successfully logged in.
DEBUG - 2025-06-28 12:10:16 --> Session: Class initialized using 'CodeIgniter\Session\Handlers\FileHandler' driver.
DEBUG - 2025-06-28 12:10:18 --> Session: Class initialized using 'CodeIgniter\Session\Handlers\FileHandler' driver.
DEBUG - 2025-06-28 12:10:18 --> Home::index() method was successfully reached.
DEBUG - 2025-06-28 12:10:22 --> Session: Class initialized using 'CodeIgniter\Session\Handlers\FileHandler' driver.
DEBUG - 2025-06-28 12:10:24 --> Session: Class initialized using 'CodeIgniter\Session\Handlers\FileHandler' driver.
DEBUG - 2025-06-28 12:10:25 --> Session: Class initialized using 'CodeIgniter\Session\Handlers\FileHandler' driver.
DEBUG - 2025-06-28 12:10:25 --> Home::index() method was successfully reached.
DEBUG - 2025-06-28 12:10:31 --> Session: Class initialized using 'CodeIgniter\Session\Handlers\FileHandler' driver.
DEBUG - 2025-06-28 12:10:31 --> Session: Class initialized using 'CodeIgniter\Session\Handlers\FileHandler' driver.
DEBUG - 2025-06-28 12:10:36 --> Session: Class initialized using 'CodeIgniter\Session\Handlers\FileHandler' driver.
DEBUG - 2025-06-28 12:10:36 --> Session: Class initialized using 'CodeIgniter\Session\Handlers\FileHandler' driver.
DEBUG - 2025-06-28 12:10:39 --> Session: Class initialized using 'CodeIgniter\Session\Handlers\FileHandler' driver.
DEBUG - 2025-06-28 12:10:39 --> Auth::attemptLogin - Attempting login for: admin
DEBUG - 2025-06-28 12:10:40 --> Auth::attemptLogin - User found. Hashed password from DB: $2y$10$Sh/3KsbkbQ12FXx.ZBngVOi1ZOTuKa4swBJBgjtIhvZ7HhXQ.Dh3W
DEBUG - 2025-06-28 12:10:40 --> Auth::attemptLogin - Plaintext password from form (for verification): password123
DEBUG - 2025-06-28 12:10:40 --> Auth::attemptLogin - User admin successfully logged in.
DEBUG - 2025-06-28 12:10:40 --> Session: Class initialized using 'CodeIgniter\Session\Handlers\FileHandler' driver.
DEBUG - 2025-06-28 12:10:44 --> Session: Class initialized using 'CodeIgniter\Session\Handlers\FileHandler' driver.
DEBUG - 2025-06-28 12:10:44 --> Home::index() method was successfully reached.
DEBUG - 2025-06-28 12:13:25 --> Session: Class initialized using 'CodeIgniter\Session\Handlers\FileHandler' driver.
DEBUG - 2025-06-28 12:13:25 --> Home::index() method was successfully reached.
DEBUG - 2025-06-28 12:13:39 --> Session: Class initialized using 'CodeIgniter\Session\Handlers\FileHandler' driver.
DEBUG - 2025-06-28 12:13:39 --> Auth::logout - User admin logging out.
DEBUG - 2025-06-28 12:13:39 --> Session: Class initialized using 'CodeIgniter\Session\Handlers\FileHandler' driver.
DEBUG - 2025-06-28 12:13:42 --> Session: Class initialized using 'CodeIgniter\Session\Handlers\FileHandler' driver.
DEBUG - 2025-06-28 12:13:42 --> Auth::attemptLogin - Attempting login for: admin
DEBUG - 2025-06-28 12:13:42 --> Auth::attemptLogin - User found. Hashed password from DB: $2y$10$Sh/3KsbkbQ12FXx.ZBngVOi1ZOTuKa4swBJBgjtIhvZ7HhXQ.Dh3W
DEBUG - 2025-06-28 12:13:42 --> Auth::attemptLogin - Plaintext password from form (for verification): password123
DEBUG - 2025-06-28 12:13:42 --> Auth::attemptLogin - User admin successfully logged in.
DEBUG - 2025-06-28 12:13:42 --> Session: Class initialized using 'CodeIgniter\Session\Handlers\FileHandler' driver.
DEBUG - 2025-06-28 12:14:55 --> Session: Class initialized using 'CodeIgniter\Session\Handlers\FileHandler' driver.
DEBUG - 2025-06-28 12:14:59 --> Session: Class initialized using 'CodeIgniter\Session\Handlers\FileHandler' driver.
DEBUG - 2025-06-28 12:14:59 --> Auth::logout - User admin logging out.
DEBUG - 2025-06-28 12:14:59 --> Session: Class initialized using 'CodeIgniter\Session\Handlers\FileHandler' driver.
DEBUG - 2025-06-28 12:15:01 --> Session: Class initialized using 'CodeIgniter\Session\Handlers\FileHandler' driver.
DEBUG - 2025-06-28 12:15:01 --> Auth::attemptLogin - Attempting login for: admin
DEBUG - 2025-06-28 12:15:01 --> Auth::attemptLogin - User found. Hashed password from DB: $2y$10$Sh/3KsbkbQ12FXx.ZBngVOi1ZOTuKa4swBJBgjtIhvZ7HhXQ.Dh3W
DEBUG - 2025-06-28 12:15:01 --> Auth::attemptLogin - Plaintext password from form (for verification): password123
DEBUG - 2025-06-28 12:15:01 --> Auth::attemptLogin - User admin successfully logged in.
DEBUG - 2025-06-28 12:15:01 --> Session: Class initialized using 'CodeIgniter\Session\Handlers\FileHandler' driver.
DEBUG - 2025-06-28 12:15:42 --> Session: Class initialized using 'CodeIgniter\Session\Handlers\FileHandler' driver.
DEBUG - 2025-06-28 12:16:42 --> Session: Class initialized using 'CodeIgniter\Session\Handlers\FileHandler' driver.
DEBUG - 2025-06-28 12:17:01 --> Session: Class initialized using 'CodeIgniter\Session\Handlers\FileHandler' driver.
DEBUG - 2025-06-28 12:17:16 --> Session: Class initialized using 'CodeIgniter\Session\Handlers\FileHandler' driver.
DEBUG - 2025-06-28 12:17:23 --> Session: Class initialized using 'CodeIgniter\Session\Handlers\FileHandler' driver.
DEBUG - 2025-06-28 12:17:25 --> Session: Class initialized using 'CodeIgniter\Session\Handlers\FileHandler' driver.
DEBUG - 2025-06-28 12:17:25 --> Auth::logout - User admin logging out.
DEBUG - 2025-06-28 12:17:25 --> Session: Class initialized using 'CodeIgniter\Session\Handlers\FileHandler' driver.
DEBUG - 2025-06-28 12:17:26 --> Session: Class initialized using 'CodeIgniter\Session\Handlers\FileHandler' driver.
DEBUG - 2025-06-28 12:17:26 --> Session: Class initialized using 'CodeIgniter\Session\Handlers\FileHandler' driver.
DEBUG - 2025-06-28 12:17:27 --> Session: Class initialized using 'CodeIgniter\Session\Handlers\FileHandler' driver.
DEBUG - 2025-06-28 12:17:27 --> Auth::attemptLogin - Attempting login for: admin
DEBUG - 2025-06-28 12:17:27 --> Auth::attemptLogin - User found. Hashed password from DB: $2y$10$Sh/3KsbkbQ12FXx.ZBngVOi1ZOTuKa4swBJBgjtIhvZ7HhXQ.Dh3W
DEBUG - 2025-06-28 12:17:27 --> Auth::attemptLogin - Plaintext password from form (for verification): password123
DEBUG - 2025-06-28 12:17:27 --> Auth::attemptLogin - User admin successfully logged in.
DEBUG - 2025-06-28 12:17:27 --> Session: Class initialized using 'CodeIgniter\Session\Handlers\FileHandler' driver.
DEBUG - 2025-06-28 12:17:35 --> Session: Class initialized using 'CodeIgniter\Session\Handlers\FileHandler' driver.
DEBUG - 2025-06-28 12:17:48 --> Session: Class initialized using 'CodeIgniter\Session\Handlers\FileHandler' driver.
DEBUG - 2025-06-28 12:17:54 --> Session: Class initialized using 'CodeIgniter\Session\Handlers\FileHandler' driver.
DEBUG - 2025-06-28 12:17:54 --> Home::index() method was successfully reached.
DEBUG - 2025-06-28 12:22:00 --> Session: Class initialized using 'CodeIgniter\Session\Handlers\FileHandler' driver.
DEBUG - 2025-06-28 12:22:00 --> Home::index() method was successfully reached.
DEBUG - 2025-06-28 12:22:48 --> Session: Class initialized using 'CodeIgniter\Session\Handlers\FileHandler' driver.
DEBUG - 2025-06-28 12:22:48 --> Session: Class initialized using 'CodeIgniter\Session\Handlers\FileHandler' driver.
